{"/Users/wei/Desktop/UnitTest/func.js": {"path":"/Users/wei/Desktop/UnitTest/func.js","statementMap":{"0":{"start":{"line":1,"column":12},"end":{"line":6,"column":1}},"1":{"start":{"line":2,"column":4},"end":{"line":5,"column":16}},"2":{"start":{"line":3,"column":8},"end":{"line":3,"column":20}},"3":{"start":{"line":5,"column":8},"end":{"line":5,"column":16}},"4":{"start":{"line":8,"column":0},"end":{"line":10,"column":1}}},"fnMap":{"0":{"name":"(anonymous_0)","decl":{"start":{"line":1,"column":12},"end":{"line":1,"column":13}},"loc":{"start":{"line":1,"column":22},"end":{"line":6,"column":1}},"line":1}},"branchMap":{"0":{"loc":{"start":{"line":2,"column":4},"end":{"line":5,"column":16}},"type":"if","locations":[{"start":{"line":2,"column":4},"end":{"line":5,"column":16}},{"start":{"line":2,"column":4},"end":{"line":5,"column":16}}],"line":2}},"s":{"0":1,"1":1,"2":0,"3":1,"4":1},"f":{"0":1},"b":{"0":[0,1]},"_coverageSchema":"1a1c01bbd47fc00a2c39e90264f33305004495a9","hash":"2e2570c7be6b06645acc3f4fb0ca74f5d49a0329"}
}
